<?xml version="1.0" encoding="UTF-8"?>
<!-- Generated by org.testng.reporters.JUnitXMLReporter -->
<testsuite ignored="1" hostname="LincolnPC" failures="0" tests="1" name="Default test" time="0.393" errors="0" timestamp="2025-08-31T18:10:45 IST">
  <testcase classname="org.com.Others.KillDrivers" name="KillEdge" time="0.32"/>
  <testcase classname="org.com.Others.KillDrivers" name="KillChromeDriver" time="0.0">
    <ignored/>
  </testcase> <!-- KillChromeDriver -->
</testsuite> <!-- Default test -->
