<?xml version="1.0" encoding="UTF-8"?>
<!-- Generated by org.testng.reporters.JUnitXMLReporter -->
<testsuite ignored="0" hostname="LincolnPC" failures="0" tests="2" name="ChromeDriverAndEdgeDriverTest" time="3.672" errors="0" timestamp="2025-08-30T21:51:37 IST">
  <testcase classname="org.com.Selenium.Parallel_Execution" name="Launch_Chome" time="3.53"/>
  <testcase classname="org.com.Selenium.Parallel_Execution" name="Launch_Edge" time="3.592"/>
</testsuite> <!-- ChromeDriverAndEdgeDriverTest -->
