<?xml version="1.0" encoding="UTF-8"?>
<testng-results ignored="0" total="1" passed="1" failed="0" skipped="0">
  <reporter-output>
  </reporter-output>
  <suite started-at="2026-02-07T22:50:12 IST" name="Default suite" finished-at="2026-02-07T22:51:13 IST" duration-ms="60686">
    <groups>
    </groups>
    <test started-at="2026-02-07T22:50:12 IST" name="Default test" finished-at="2026-02-07T22:51:13 IST" duration-ms="60686">
      <class name="org.com.Selenium.JavascriptExecutorDemo">
        <test-method signature="JavascriptExecutor_Click()[pri:0, instance:org.com.Selenium.JavascriptExecutorDemo@6a78afa0]" started-at="2026-02-07T22:50:12 IST" name="JavascriptExecutor_Click" finished-at="2026-02-07T22:51:13 IST" duration-ms="60600" status="PASS">
          <reporter-output>
          </reporter-output>
        </test-method> <!-- JavascriptExecutor_Click -->
      </class> <!-- org.com.Selenium.JavascriptExecutorDemo -->
    </test> <!-- Default test -->
  </suite> <!-- Default suite -->
</testng-results>
