<?xml version="1.0" encoding="UTF-8"?>
<testng-results ignored="0" total="1" passed="1" failed="0" skipped="0">
  <reporter-output>
  </reporter-output>
  <suite started-at="2025-01-16T21:43:30 IST" name="Default suite" finished-at="2025-01-16T21:43:51 IST" duration-ms="20427">
    <groups>
    </groups>
    <test started-at="2025-01-16T21:43:30 IST" name="Default test" finished-at="2025-01-16T21:43:51 IST" duration-ms="20427">
      <class name="org.com.seleniumTests.Selenium_Version_4_Test">
        <test-method is-config="true" signature="InitializeSelenium()[pri:0, instance:org.com.seleniumTests.Selenium_Version_4_Test@6ae5aa72]" started-at="2025-01-16T21:43:30 IST" name="InitializeSelenium" finished-at="2025-01-16T21:43:33 IST" duration-ms="2931" status="PASS">
          <reporter-output>
          </reporter-output>
        </test-method> <!-- InitializeSelenium -->
        <test-method signature="Selenium_Version_4_Launch()[pri:0, instance:org.com.seleniumTests.Selenium_Version_4_Test@6ae5aa72]" started-at="2025-01-16T21:43:33 IST" name="Selenium_Version_4_Launch" finished-at="2025-01-16T21:43:51 IST" duration-ms="17448" status="PASS">
          <reporter-output>
          </reporter-output>
        </test-method> <!-- Selenium_Version_4_Launch -->
      </class> <!-- org.com.seleniumTests.Selenium_Version_4_Test -->
    </test> <!-- Default test -->
  </suite> <!-- Default suite -->
</testng-results>
