<?xml version="1.0" encoding="UTF-8"?>
<testng-results ignored="0" total="1" passed="1" failed="0" skipped="0">
  <reporter-output>
  </reporter-output>
  <suite started-at="2024-10-27T14:07:17 IST" name="Default suite" finished-at="2024-10-27T14:07:17 IST" duration-ms="52">
    <groups>
    </groups>
    <test started-at="2024-10-27T14:07:17 IST" name="Default test" finished-at="2024-10-27T14:07:17 IST" duration-ms="52">
      <class name="org.com.tests.Selenium_Version_4">
        <test-method is-config="true" signature="InitializeSelenium()[pri:0, instance:org.com.tests.Selenium_Version_4@459e9125]" started-at="2024-10-27T14:07:17 IST" name="InitializeSelenium" finished-at="2024-10-27T14:07:17 IST" duration-ms="6" status="PASS">
          <reporter-output>
          </reporter-output>
        </test-method> <!-- InitializeSelenium -->
        <test-method is-config="true" signature="BeforeClass()[pri:0, instance:org.com.tests.Selenium_Version_4@459e9125]" started-at="2024-10-27T14:07:17 IST" name="BeforeClass" finished-at="2024-10-27T14:07:17 IST" duration-ms="1" status="PASS">
          <reporter-output>
          </reporter-output>
        </test-method> <!-- BeforeClass -->
        <test-method signature="Selenium_Version_4_Test()[pri:0, instance:org.com.tests.Selenium_Version_4@459e9125]" started-at="2024-10-27T14:07:17 IST" name="Selenium_Version_4_Test" finished-at="2024-10-27T14:07:17 IST" duration-ms="11" status="PASS">
          <reporter-output>
          </reporter-output>
        </test-method> <!-- Selenium_Version_4_Test -->
      </class> <!-- org.com.tests.Selenium_Version_4 -->
    </test> <!-- Default test -->
  </suite> <!-- Default suite -->
</testng-results>
