<?xml version="1.0" encoding="UTF-8"?>
<testng-results ignored="0" total="1" passed="1" failed="0" skipped="0">
  <reporter-output>
  </reporter-output>
  <suite started-at="2025-02-25T23:17:03 IST" name="Default suite" finished-at="2025-02-25T23:17:31 IST" duration-ms="28409">
    <groups>
    </groups>
    <test started-at="2025-02-25T23:17:03 IST" name="Default test" finished-at="2025-02-25T23:17:31 IST" duration-ms="28409">
      <class name="org.com.seleniumTests.Selenium_Version_4_Test">
        <test-method is-config="true" signature="InitializeSelenium()[pri:0, instance:org.com.seleniumTests.Selenium_Version_4_Test@4466af20]" started-at="2025-02-25T23:17:03 IST" name="InitializeSelenium" finished-at="2025-02-25T23:17:06 IST" duration-ms="3310" status="PASS">
          <reporter-output>
          </reporter-output>
        </test-method> <!-- InitializeSelenium -->
        <test-method signature="Selenium_Version_4_Launch()[pri:0, instance:org.com.seleniumTests.Selenium_Version_4_Test@4466af20]" started-at="2025-02-25T23:17:06 IST" name="Selenium_Version_4_Launch" finished-at="2025-02-25T23:17:31 IST" duration-ms="25071" status="PASS">
          <reporter-output>
          </reporter-output>
        </test-method> <!-- Selenium_Version_4_Launch -->
      </class> <!-- org.com.seleniumTests.Selenium_Version_4_Test -->
    </test> <!-- Default test -->
  </suite> <!-- Default suite -->
</testng-results>
