<?xml version="1.0" encoding="UTF-8"?>
<testng-results ignored="0" total="1" passed="1" failed="0" skipped="0">
  <reporter-output>
  </reporter-output>
  <suite started-at="2025-04-21T21:37:46 IST" name="Suite" finished-at="2025-04-21T21:37:51 IST" duration-ms="4957">
    <groups>
    </groups>
    <test started-at="2025-04-21T21:37:46 IST" name="Test" finished-at="2025-04-21T21:37:51 IST" duration-ms="4957">
      <class name="org.com.Selenium.Selenium_Version_4_Test">
        <test-method is-config="true" signature="InitializeSelenium()[pri:0, instance:org.com.Selenium.Selenium_Version_4_Test@3bb9a3ff]" started-at="2025-04-21T21:37:46 IST" name="InitializeSelenium" finished-at="2025-04-21T21:37:49 IST" duration-ms="3568" status="PASS">
          <reporter-output>
          </reporter-output>
        </test-method> <!-- InitializeSelenium -->
        <test-method signature="Selenium_Version_4_Launch()[pri:0, instance:org.com.Selenium.Selenium_Version_4_Test@3bb9a3ff]" started-at="2025-04-21T21:37:49 IST" name="Selenium_Version_4_Launch" finished-at="2025-04-21T21:37:51 IST" duration-ms="1328" status="PASS">
          <reporter-output>
          </reporter-output>
        </test-method> <!-- Selenium_Version_4_Launch -->
      </class> <!-- org.com.Selenium.Selenium_Version_4_Test -->
    </test> <!-- Test -->
  </suite> <!-- Suite -->
</testng-results>
