<?xml version="1.0" encoding="UTF-8"?>
<testng-results ignored="0" total="1" passed="1" failed="0" skipped="0">
  <reporter-output>
  </reporter-output>
  <suite started-at="2024-12-06T22:06:17 IST" name="Default suite" finished-at="2024-12-06T22:06:27 IST" duration-ms="10090">
    <groups>
    </groups>
    <test started-at="2024-12-06T22:06:17 IST" name="Default test" finished-at="2024-12-06T22:06:27 IST" duration-ms="10090">
      <class name="org.com.seleniumTests.Selenium_Version_4_Test">
        <test-method is-config="true" signature="InitializeSelenium()[pri:0, instance:org.com.seleniumTests.Selenium_Version_4_Test@6c64cb25]" started-at="2024-12-06T22:06:17 IST" name="InitializeSelenium" finished-at="2024-12-06T22:06:27 IST" duration-ms="10028" status="PASS">
          <reporter-output>
          </reporter-output>
        </test-method> <!-- InitializeSelenium -->
        <test-method signature="Selenium_Version_4_Launch()[pri:0, instance:org.com.seleniumTests.Selenium_Version_4_Test@6c64cb25]" started-at="2024-12-06T22:06:27 IST" name="Selenium_Version_4_Launch" finished-at="2024-12-06T22:06:27 IST" duration-ms="9" status="PASS">
          <reporter-output>
          </reporter-output>
        </test-method> <!-- Selenium_Version_4_Launch -->
      </class> <!-- org.com.seleniumTests.Selenium_Version_4_Test -->
    </test> <!-- Default test -->
  </suite> <!-- Default suite -->
</testng-results>
