<?xml version="1.0" encoding="UTF-8"?>
<testng-results ignored="0" total="1" passed="1" failed="0" skipped="0">
  <reporter-output>
  </reporter-output>
  <suite started-at="2025-12-26T23:25:43 IST" name="Default suite" finished-at="2025-12-26T23:26:16 IST" duration-ms="33774">
    <groups>
    </groups>
    <test started-at="2025-12-26T23:25:43 IST" name="Default test" finished-at="2025-12-26T23:26:16 IST" duration-ms="33774">
      <class name="org.com.Selenium.Selenium_Version_4_Test">
        <test-method is-config="true" signature="InitializeSelenium_Version_4()[pri:0, instance:org.com.Selenium.Selenium_Version_4_Test@65e98b1c]" started-at="2025-12-26T23:25:43 IST" name="InitializeSelenium_Version_4" finished-at="2025-12-26T23:25:45 IST" duration-ms="2037" status="PASS">
          <reporter-output>
          </reporter-output>
        </test-method> <!-- InitializeSelenium_Version_4 -->
        <test-method signature="Selenium_Version_4_Launch()[pri:0, instance:org.com.Selenium.Selenium_Version_4_Test@65e98b1c]" started-at="2025-12-26T23:25:45 IST" name="Selenium_Version_4_Launch" finished-at="2025-12-26T23:26:16 IST" duration-ms="31687" status="PASS">
          <reporter-output>
          </reporter-output>
        </test-method> <!-- Selenium_Version_4_Launch -->
      </class> <!-- org.com.Selenium.Selenium_Version_4_Test -->
    </test> <!-- Default test -->
  </suite> <!-- Default suite -->
</testng-results>
